[ 2016-05-21T11:23:36+08:00 ] 127.0.0.1 /cloud-jimersylee/
INFO: [ app_init ] --START--
INFO: Run Behavior\BuildLiteBehavior [ RunTime:0.000067s ]
INFO: [ app_init ] --END-- [ RunTime:0.015704s ]
INFO: [ app_begin ] --START--
INFO: Run Behavior\ReadHtmlCacheBehavior [ RunTime:0.005147s ]
INFO: [ app_begin ] --END-- [ RunTime:0.005419s ]
NOTIC: [8192] mysql_connect(): The mysql extension is deprecated and will be removed in the future: use mysqli or PDO instead D:\dev\wamp\www\cloud-jimersylee\ThinkPHP\Library\Think\Session\Driver\Db.class.php 第 95 行.
INFO: [ view_parse ] --START--
INFO: [ template_filter ] --START--
INFO: Run Behavior\ContentReplaceBehavior [ RunTime:0.033267s ]
INFO: [ template_filter ] --END-- [ RunTime:0.033529s ]
INFO: Run Behavior\ParseTemplateBehavior [ RunTime:0.071568s ]
INFO: [ view_parse ] --END-- [ RunTime:0.071835s ]
INFO: [ view_filter ] --START--
INFO: Run Behavior\WriteHtmlCacheBehavior [ RunTime:0.001099s ]
INFO: [ view_filter ] --END-- [ RunTime:0.001345s ]

[ 2016-05-21T11:23:43+08:00 ] 127.0.0.1 /cloud-jimersylee/home/new
INFO: [ app_init ] --START--
INFO: Run Behavior\BuildLiteBehavior [ RunTime:0.000051s ]
INFO: [ app_init ] --END-- [ RunTime:0.000780s ]
INFO: [ app_begin ] --START--
INFO: Run Behavior\ReadHtmlCacheBehavior [ RunTime:0.000833s ]
INFO: [ app_begin ] --END-- [ RunTime:0.001080s ]
NOTIC: [8192] mysql_connect(): The mysql extension is deprecated and will be removed in the future: use mysqli or PDO instead D:\dev\wamp\www\cloud-jimersylee\ThinkPHP\Library\Think\Session\Driver\Db.class.php 第 95 行.
INFO: [ view_parse ] --START--
INFO: [ template_filter ] --START--
INFO: Run Behavior\ContentReplaceBehavior [ RunTime:0.000075s ]
INFO: [ template_filter ] --END-- [ RunTime:0.000212s ]
INFO: Run Behavior\ParseTemplateBehavior [ RunTime:0.005701s ]
INFO: [ view_parse ] --END-- [ RunTime:0.005839s ]
INFO: [ view_filter ] --START--
INFO: Run Behavior\WriteHtmlCacheBehavior [ RunTime:0.000241s ]
INFO: [ view_filter ] --END-- [ RunTime:0.000361s ]

[ 2016-05-21T11:23:46+08:00 ] 127.0.0.1 /cloud-jimersylee/Home/New/login.html
INFO: [ app_init ] --START--
INFO: Run Behavior\BuildLiteBehavior [ RunTime:0.000087s ]
INFO: [ app_init ] --END-- [ RunTime:0.001325s ]
INFO: [ app_begin ] --START--
INFO: Run Behavior\ReadHtmlCacheBehavior [ RunTime:0.001838s ]
INFO: [ app_begin ] --END-- [ RunTime:0.002429s ]
NOTIC: [8192] mysql_connect(): The mysql extension is deprecated and will be removed in the future: use mysqli or PDO instead D:\dev\wamp\www\cloud-jimersylee\ThinkPHP\Library\Think\Session\Driver\Db.class.php 第 95 行.
INFO: [ view_parse ] --START--
INFO: [ template_filter ] --START--
INFO: Run Behavior\ContentReplaceBehavior [ RunTime:0.000280s ]
INFO: [ template_filter ] --END-- [ RunTime:0.000468s ]
INFO: Run Behavior\ParseTemplateBehavior [ RunTime:0.009393s ]
INFO: [ view_parse ] --END-- [ RunTime:0.009628s ]
INFO: [ view_filter ] --START--
INFO: Run Behavior\WriteHtmlCacheBehavior [ RunTime:0.000305s ]
INFO: [ view_filter ] --END-- [ RunTime:0.000463s ]
INFO: [ app_end ] --START--
INFO: Run Behavior\ShowPageTraceBehavior [ RunTime:0.004132s ]
INFO: [ app_end ] --END-- [ RunTime:0.004372s ]

[ 2016-05-21T11:23:47+08:00 ] 127.0.0.1 /cloud-jimersylee/home/new/verify_img.html
INFO: [ app_init ] --START--
INFO: Run Behavior\BuildLiteBehavior [ RunTime:0.000039s ]
INFO: [ app_init ] --END-- [ RunTime:0.000609s ]
INFO: [ app_begin ] --START--
INFO: Run Behavior\ReadHtmlCacheBehavior [ RunTime:0.000693s ]
INFO: [ app_begin ] --END-- [ RunTime:0.000870s ]
NOTIC: [8192] mysql_connect(): The mysql extension is deprecated and will be removed in the future: use mysqli or PDO instead D:\dev\wamp\www\cloud-jimersylee\ThinkPHP\Library\Think\Session\Driver\Db.class.php 第 95 行.
NOTIC: [8] A non well formed numeric value encountered D:\dev\wamp\www\cloud-jimersylee\ThinkPHP\Library\Think\Verify.class.php 第 166 行.
NOTIC: [8] A non well formed numeric value encountered D:\dev\wamp\www\cloud-jimersylee\ThinkPHP\Library\Think\Verify.class.php 第 166 行.
NOTIC: [8] A non well formed numeric value encountered D:\dev\wamp\www\cloud-jimersylee\ThinkPHP\Library\Think\Verify.class.php 第 166 行.
NOTIC: [8] A non well formed numeric value encountered D:\dev\wamp\www\cloud-jimersylee\ThinkPHP\Library\Think\Verify.class.php 第 166 行.
INFO: [ app_end ] --START--
INFO: Run Behavior\ShowPageTraceBehavior [ RunTime:0.000510s ]
INFO: [ app_end ] --END-- [ RunTime:0.000649s ]

[ 2016-05-21T11:23:51+08:00 ] 127.0.0.1 /cloud-jimersylee/Home/new/login.html
INFO: [ app_init ] --START--
INFO: Run Behavior\BuildLiteBehavior [ RunTime:0.000036s ]
INFO: [ app_init ] --END-- [ RunTime:0.000519s ]
INFO: [ app_begin ] --START--
INFO: Run Behavior\ReadHtmlCacheBehavior [ RunTime:0.000502s ]
INFO: [ app_begin ] --END-- [ RunTime:0.000660s ]
NOTIC: [8192] mysql_connect(): The mysql extension is deprecated and will be removed in the future: use mysqli or PDO instead D:\dev\wamp\www\cloud-jimersylee\ThinkPHP\Library\Think\Session\Driver\Db.class.php 第 95 行.
SQL: SHOW COLUMNS FROM `yun_user` [ RunTime:0.0441s ]
SQL: SELECT * FROM `yun_user` WHERE `user_user` = 'admin888' LIMIT 1   [ RunTime:0.0149s ]
NOTIC: [8] Use of undefined constant index - assumed 'index' D:\dev\wamp\www\cloud-jimersylee\App\Home\Controller\NewController.class.php 第 169 行.
INFO: [ view_parse ] --START--
INFO: [ template_filter ] --START--
INFO: Run Behavior\ContentReplaceBehavior [ RunTime:0.000229s ]
INFO: [ template_filter ] --END-- [ RunTime:0.000755s ]
INFO: Run Behavior\ParseTemplateBehavior [ RunTime:0.020154s ]
INFO: [ view_parse ] --END-- [ RunTime:0.020473s ]
INFO: [ view_filter ] --START--
INFO: Run Behavior\WriteHtmlCacheBehavior [ RunTime:0.000532s ]
INFO: [ view_filter ] --END-- [ RunTime:0.000713s ]
INFO: [ app_end ] --START--
INFO: Run Behavior\ShowPageTraceBehavior [ RunTime:0.000636s ]
INFO: [ app_end ] --END-- [ RunTime:0.000822s ]

[ 2016-05-21T11:23:53+08:00 ] 127.0.0.1 /cloud-jimersylee/Home/new/index
INFO: [ app_init ] --START--
INFO: Run Behavior\BuildLiteBehavior [ RunTime:0.000084s ]
INFO: [ app_init ] --END-- [ RunTime:0.001249s ]
INFO: [ app_begin ] --START--
INFO: Run Behavior\ReadHtmlCacheBehavior [ RunTime:0.001347s ]
INFO: [ app_begin ] --END-- [ RunTime:0.001786s ]
NOTIC: [8192] mysql_connect(): The mysql extension is deprecated and will be removed in the future: use mysqli or PDO instead D:\dev\wamp\www\cloud-jimersylee\ThinkPHP\Library\Think\Session\Driver\Db.class.php 第 95 行.
INFO: [ view_parse ] --START--
INFO: [ template_filter ] --START--
INFO: Run Behavior\ContentReplaceBehavior [ RunTime:0.000384s ]
INFO: [ template_filter ] --END-- [ RunTime:0.000810s ]
INFO: Run Behavior\ParseTemplateBehavior [ RunTime:0.059389s ]
INFO: [ view_parse ] --END-- [ RunTime:0.059580s ]
INFO: [ view_filter ] --START--
INFO: Run Behavior\WriteHtmlCacheBehavior [ RunTime:0.000570s ]
INFO: [ view_filter ] --END-- [ RunTime:0.000732s ]
INFO: [ app_end ] --START--
INFO: Run Behavior\ShowPageTraceBehavior [ RunTime:0.000817s ]
INFO: [ app_end ] --END-- [ RunTime:0.001128s ]

[ 2016-05-21T11:23:55+08:00 ] 127.0.0.1 /cloud-jimersylee/Home/new/index_v3.html
INFO: [ app_init ] --START--
INFO: Run Behavior\BuildLiteBehavior [ RunTime:0.000085s ]
INFO: [ app_init ] --END-- [ RunTime:0.001256s ]
INFO: [ app_begin ] --START--
INFO: Run Behavior\ReadHtmlCacheBehavior [ RunTime:0.001691s ]
INFO: [ app_begin ] --END-- [ RunTime:0.002164s ]
NOTIC: [8192] mysql_connect(): The mysql extension is deprecated and will be removed in the future: use mysqli or PDO instead D:\dev\wamp\www\cloud-jimersylee\ThinkPHP\Library\Think\Session\Driver\Db.class.php 第 95 行.
SQL: SHOW COLUMNS FROM `yun_netbar_user` [ RunTime:0.0294s ]
SQL: SELECT COUNT(*) AS tp_count FROM `yun_netbar_user` WHERE ( user_admin_id=8 ) LIMIT 1   [ RunTime:0.0243s ]
SQL: SHOW COLUMNS FROM `yun_netbar` [ RunTime:0.0639s ]
SQL: SELECT COUNT(*) AS tp_count FROM `yun_netbar` WHERE ( netbar_user_id=8 ) LIMIT 1   [ RunTime:0.0007s ]
SQL: SHOW COLUMNS FROM `yun_log` [ RunTime:0.0335s ]
SQL: SELECT COUNT(*) AS tp_count FROM `yun_log` WHERE ( log_user_id=8 ) LIMIT 1   [ RunTime:0.0014s ]
SQL: SHOW COLUMNS FROM `yun_host` [ RunTime:0.0278s ]
SQL: SELECT COUNT(*) AS tp_count FROM `yun_host` WHERE ( host_user_id=8 ) LIMIT 1   [ RunTime:0.0008s ]
SQL: SHOW COLUMNS FROM `yun_sms` [ RunTime:0.0286s ]
SQL: SELECT * FROM `yun_sms` WHERE ( sms_user_id=8 ) LIMIT 1   [ RunTime:0.0007s ]
SQL: SHOW COLUMNS FROM `yun_sms_log` [ RunTime:0.0167s ]
SQL: SELECT COUNT(*) AS tp_count FROM `yun_sms_log` WHERE ( log_user_id=8 ) LIMIT 1   [ RunTime:0.0007s ]
SQL: SHOW COLUMNS FROM `yun_buy_order` [ RunTime:0.0542s ]
SQL: SELECT COUNT(*) AS tp_count FROM `yun_buy_order` WHERE ( order_source_user_id=8 ) LIMIT 1   [ RunTime:0.0007s ]
SQL: SHOW COLUMNS FROM `yun_user` [ RunTime:0.0111s ]
SQL: SELECT * FROM `yun_user` WHERE ( user_id=8 ) LIMIT 1   [ RunTime:0.0007s ]
SQL: SELECT count(*) as num,year(user_reg_time) as year,month(user_reg_time)as month,day(user_reg_time)as day FROM yun_netbar_user WHERE YEAR(user_reg_time)=2016 and MONTH(user_reg_time)=05 GROUP BY day(user_reg_time) [ RunTime:0.0122s ]
SQL: SELECT count(*) as num,year(user_reg_time) as year,month(user_reg_time)as month,day(user_reg_time)as day FROM yun_netbar_user WHERE YEAR(user_reg_time)=2016 and MONTH(user_reg_time)=05 GROUP BY day(user_reg_time) order by count(*) desc limit 1 [ RunTime:0.0008s ]
SQL: SELECT COUNT(*) AS tp_count FROM `yun_netbar_user` WHERE ( user_reg_time>='2016-05' and user_reg_time<='2016-06' ) LIMIT 1   [ RunTime:0.0008s ]
SQL: SELECT * FROM `yun_log` WHERE ( log_user_id=8 ) ORDER BY log_time desc LIMIT 10   [ RunTime:0.0010s ]
SQL: SELECT * FROM `yun_sms_log` WHERE ( log_user_id=8 ) ORDER BY log_send_time desc LIMIT 10   [ RunTime:0.0005s ]
INFO: [ view_parse ] --START--
INFO: [ template_filter ] --START--
INFO: Run Behavior\ContentReplaceBehavior [ RunTime:0.000326s ]
INFO: [ template_filter ] --END-- [ RunTime:0.000580s ]
INFO: Run Behavior\ParseTemplateBehavior [ RunTime:0.068552s ]
INFO: [ view_parse ] --END-- [ RunTime:0.068841s ]
INFO: [ view_filter ] --START--
INFO: Run Behavior\WriteHtmlCacheBehavior [ RunTime:0.000768s ]
INFO: [ view_filter ] --END-- [ RunTime:0.000997s ]
INFO: [ app_end ] --START--
INFO: Run Behavior\ShowPageTraceBehavior [ RunTime:0.001358s ]
INFO: [ app_end ] --END-- [ RunTime:0.001618s ]

[ 2016-05-21T11:23:56+08:00 ] 127.0.0.1 /cloud-jimersylee/Home/new/js/bootstrap.min.js?v=3.3.6
INFO: [ app_init ] --START--
INFO: Run Behavior\BuildLiteBehavior [ RunTime:0.000038s ]
INFO: [ app_init ] --END-- [ RunTime:0.000550s ]
INFO: [ app_begin ] --START--
INFO: Run Behavior\ReadHtmlCacheBehavior [ RunTime:0.000574s ]
INFO: [ app_begin ] --END-- [ RunTime:0.000749s ]
NOTIC: [8192] mysql_connect(): The mysql extension is deprecated and will be removed in the future: use mysqli or PDO instead D:\dev\wamp\www\cloud-jimersylee\ThinkPHP\Library\Think\Session\Driver\Db.class.php 第 95 行.
ERR: 非法操作:js

[ 2016-05-21T11:24:20+08:00 ] 127.0.0.1 /cloud-jimersylee/Home/new/userView.html
INFO: [ app_init ] --START--
INFO: Run Behavior\BuildLiteBehavior [ RunTime:0.000084s ]
INFO: [ app_init ] --END-- [ RunTime:0.001274s ]
INFO: [ app_begin ] --START--
INFO: Run Behavior\ReadHtmlCacheBehavior [ RunTime:0.001318s ]
INFO: [ app_begin ] --END-- [ RunTime:0.001721s ]
NOTIC: [8192] mysql_connect(): The mysql extension is deprecated and will be removed in the future: use mysqli or PDO instead D:\dev\wamp\www\cloud-jimersylee\ThinkPHP\Library\Think\Session\Driver\Db.class.php 第 95 行.
SQL: SHOW COLUMNS FROM `yun_netbar_user` [ RunTime:0.0054s ]
SQL: SELECT * FROM `yun_netbar_user` WHERE ( user_admin_id=8 ) LIMIT 0,20   [ RunTime:0.0009s ]
SQL: SELECT COUNT(*) AS tp_count FROM `yun_netbar_user` WHERE ( user_admin_id=8 ) LIMIT 1   [ RunTime:0.0004s ]
INFO: [ view_parse ] --START--
INFO: [ template_filter ] --START--
INFO: Run Behavior\ContentReplaceBehavior [ RunTime:0.000171s ]
INFO: [ template_filter ] --END-- [ RunTime:0.000415s ]
NOTIC: [8] Undefined variable: noResult D:\dev\wamp\www\cloud-jimersylee\App\Runtime\Cache\Home\253e70c984f72983e10a53cd6525465b.php 第 32 行.
INFO: Run Behavior\ParseTemplateBehavior [ RunTime:0.034940s ]
INFO: [ view_parse ] --END-- [ RunTime:0.035189s ]
INFO: [ view_filter ] --START--
INFO: Run Behavior\WriteHtmlCacheBehavior [ RunTime:0.000432s ]
INFO: [ view_filter ] --END-- [ RunTime:0.000650s ]
INFO: [ app_end ] --START--
INFO: Run Behavior\ShowPageTraceBehavior [ RunTime:0.001343s ]
INFO: [ app_end ] --END-- [ RunTime:0.001685s ]

